2016-11-15 10:53:34,194 [main] INFO  org.mule.module.launcher.application.DefaultMuleApplication - 
++++++++++++++++++++++++++++++++++++++++++++++++++++++++++++
+ Initializing app 'transformation-example'                +
++++++++++++++++++++++++++++++++++++++++++++++++++++++++++++
2016-11-15 10:53:34,295 [main] INFO  org.mule.lifecycle.AbstractLifecycleManager - Initialising RegistryBroker
2016-11-15 10:53:34,396 [main] INFO  org.mule.module.extension.internal.manager.DefaultExtensionManager - Starting discovery of extensions
2016-11-15 10:53:34,513 [main] INFO  org.mule.module.extension.internal.manager.DefaultExtensionManager - Discovered 1 extensions
2016-11-15 10:53:34,514 [main] INFO  org.mule.module.extension.internal.manager.DefaultExtensionManager - Registering extension validation (version 3.8)
2016-11-15 10:53:34,599 [main] INFO  org.mule.config.spring.MuleArtifactContext - Refreshing org.mule.config.spring.MuleArtifactContext@4ce77577: startup date [Tue Nov 15 10:53:34 CST 2016]; root of context hierarchy
2016-11-15 10:53:35,642 [main] INFO  org.mule.config.spring.processors.NoDevkitInjectorProcessor - JSR-330 'javax.inject.Inject' annotation found and supported for autowiring
2016-11-15 10:53:36,540 [main] WARN  org.mule.module.ognl.expression.OgnlExpressionEvaluator - OGNL module is deprecated and will be removed in Mule 4.0. Use MEL expressions instead.
2016-11-15 10:53:36,766 [main] INFO  org.mule.util.journal.TransactionJournal - Using files for tx logs /Users/anweshrijal/opt/anypoint-studio-61/workspace/wrksp-kcs/.mule/./.mule/transformation-example/queue-tx-log/tx1.log and /Users/anweshrijal/opt/anypoint-studio-61/workspace/wrksp-kcs/.mule/./.mule/transformation-example/queue-tx-log/tx2.log
2016-11-15 10:53:36,775 [main] INFO  org.mule.util.journal.TransactionJournal - Using files for tx logs /Users/anweshrijal/opt/anypoint-studio-61/workspace/wrksp-kcs/.mule/./.mule/transformation-example/queue-xa-tx-log/tx1.log and /Users/anweshrijal/opt/anypoint-studio-61/workspace/wrksp-kcs/.mule/./.mule/transformation-example/queue-xa-tx-log/tx2.log
2016-11-15 10:53:36,843 [main] INFO  org.mule.lifecycle.AbstractLifecycleManager - Initialising model: _muleSystemModel
2016-11-15 10:53:36,847 [main] INFO  org.mule.construct.FlowConstructLifecycleManager - Initialising flow: transformation-exampleFlow
2016-11-15 10:53:36,847 [main] INFO  org.mule.exception.DefaultMessagingExceptionStrategy - Initialising exception listener: org.mule.exception.DefaultMessagingExceptionStrategy@7fec331b
2016-11-15 10:53:36,866 [main] INFO  org.mule.processor.SedaStageLifecycleManager - Initialising service: transformation-exampleFlow.stage1
2016-11-15 10:53:36,872 [main] INFO  org.mule.component.ComponentLifecycleManager - Initialising component: component.333389967
2016-11-15 10:53:37,070 [main] INFO  org.mule.config.spring.SpringXmlConfigurationBuilder - Configured Mule using "org.mule.config.spring.SpringXmlConfigurationBuilder" with configuration resource(s): "[ConfigResource{resourceName='/Users/anweshrijal/opt/anypoint-studio-61/workspace/wrksp-kcs/.mule/apps/transformation-example/transformation-example.xml'}]"
2016-11-15 10:53:37,070 [main] INFO  org.mule.config.builders.AutoConfigurationBuilder - Configured Mule using "org.mule.config.builders.AutoConfigurationBuilder" with configuration resource(s): "[ConfigResource{resourceName='/Users/anweshrijal/opt/anypoint-studio-61/workspace/wrksp-kcs/.mule/apps/transformation-example/transformation-example.xml'}]"
2016-11-15 10:53:40,093 [main] INFO  org.mule.module.launcher.application.DefaultMuleApplication - 
++++++++++++++++++++++++++++++++++++++++++++++++++++++++++++
+ Starting app 'transformation-example'                    +
++++++++++++++++++++++++++++++++++++++++++++++++++++++++++++
2016-11-15 10:53:40,096 [main] INFO  org.mule.util.queue.QueueXaResourceManager - Starting ResourceManager
2016-11-15 10:53:40,096 [main] INFO  org.mule.util.queue.QueueXaResourceManager - Started ResourceManager
2016-11-15 10:53:40,134 [main] INFO  org.mule.module.http.internal.listener.DefaultHttpListenerConfig - Listening for requests on http://0.0.0.0:8081
2016-11-15 10:53:40,136 [main] INFO  org.mule.modules.oauth2.provider.agents.DefaultSplashScreenAgent - 
++++++++++++++++++++++++++++++++++++++++++++++++++++++++++++++++++++++++++++++++
+ DevKit Extensions (0) used in this application 
                             +
++++++++++++++++++++++++++++++++++++++++++++++++++++++++++++++++++++++++++++++++
2016-11-15 10:53:40,139 [main] INFO  org.mule.lifecycle.AbstractLifecycleManager - Starting model: _muleSystemModel
2016-11-15 10:53:40,141 [main] INFO  org.mule.construct.FlowConstructLifecycleManager - Starting flow: transformation-exampleFlow
2016-11-15 10:53:40,141 [main] INFO  org.mule.processor.SedaStageLifecycleManager - Starting service: transformation-exampleFlow.stage1
2016-11-15 10:53:40,145 [main] INFO  org.mule.component.ComponentLifecycleManager - Starting component: component.333389967
2016-11-15 10:53:40,181 [main] INFO  org.mule.module.management.agent.WrapperManagerAgent - This JVM hasn't been launched by the wrapper, the agent will not run.
2016-11-15 10:53:40,199 [main] INFO  org.mule.DefaultMuleContext - 
**********************************************************************
* Application: transformation-example                                *
* OS encoding: /, Mule encoding: UTF-8                               *
*                                                                    *
* Agents Running:                                                    *
*   JMX Agent                                                        *
*   DevKit Extension Information                                     *
*   Batch module default engine                                      *
*   Wrapper Manager                                                  *
**********************************************************************
2016-11-15 10:53:57,526 [[transformation-example].HTTP_Listener_Configuration.worker.01] INFO  org.mule.api.processor.LoggerMessageProcessor - 
org.mule.DefaultMuleMessage
{
  id=18f01a90-ab54-11e6-8b6a-acbc32b4ad1b
  payload=com.mulesoft.weave.reader.ByteArraySeekableStream
  correlationId=<not set>
  correlationGroup=-1
  correlationSeq=-1
  encoding=UTF-8
  exceptionPayload=<not set>

Message properties:
  INVOCATION scoped properties:
  INBOUND scoped properties:
    accept=*/*
    accept-encoding=gzip, deflate, br
    accept-language=en-US,en;q=0.8
    cache-control=no-cache
    connection=keep-alive
    content-length=20
    content-type=application/json
    host=localhost:8081
    http.listener.path=/transform
    http.method=POST
    http.query.params=ParameterMap{[]}
    http.query.string=
    http.relative.path=/transform
    http.remote.address=/127.0.0.1:65483
    http.request.path=/transform
    http.request.uri=/transform
    http.scheme=http
    http.uri.params=ParameterMap{[]}
    http.version=HTTP/1.1
    origin=chrome-extension://fhbjgbiflinjbdggehcddcbncdddomop
    postman-token=06c325ed-5336-280a-d7a0-057f43c4bd81
    user-agent=Mozilla/5.0 (Macintosh; Intel Mac OS X 10_11_6) AppleWebKit/537.36 (KHTML, like Gecko) Chrome/54.0.2840.87 Safari/537.36
  OUTBOUND scoped properties:
    MULE_ENCODING=UTF-8
  SESSION scoped properties:
}
2016-11-15 10:54:31,311 [[transformation-example].HTTP_Listener_Configuration.worker.01] INFO  org.mule.api.processor.LoggerMessageProcessor - 
org.mule.DefaultMuleMessage
{
  id=2da92080-ab54-11e6-8b6a-acbc32b4ad1b
  payload=com.mulesoft.weave.reader.ByteArraySeekableStream
  correlationId=<not set>
  correlationGroup=-1
  correlationSeq=-1
  encoding=UTF-8
  exceptionPayload=<not set>

Message properties:
  INVOCATION scoped properties:
  INBOUND scoped properties:
    accept=*/*
    accept-encoding=gzip, deflate, br
    accept-language=en-US,en;q=0.8
    cache-control=no-cache
    connection=keep-alive
    content-length=20
    content-type=application/json
    host=localhost:8081
    http.listener.path=/transform
    http.method=POST
    http.query.params=ParameterMap{[]}
    http.query.string=
    http.relative.path=/transform
    http.remote.address=/127.0.0.1:65492
    http.request.path=/transform
    http.request.uri=/transform
    http.scheme=http
    http.uri.params=ParameterMap{[]}
    http.version=HTTP/1.1
    origin=chrome-extension://fhbjgbiflinjbdggehcddcbncdddomop
    postman-token=2d9c54f2-b978-34c8-0253-24af521eeb35
    user-agent=Mozilla/5.0 (Macintosh; Intel Mac OS X 10_11_6) AppleWebKit/537.36 (KHTML, like Gecko) Chrome/54.0.2840.87 Safari/537.36
  OUTBOUND scoped properties:
    MULE_ENCODING=UTF-8
  SESSION scoped properties:
}
